<?xml version="1.0" encoding="UTF-8"?>
<testsuite name="CorrectnessTest" tests="4" skipped="0" failures="0" errors="0" timestamp="2022-01-24T19:50:30" hostname="i108585525" time="1.105">
  <properties/>
  <testcase name="testConcurrentRandom" classname="CorrectnessTest" time="0.411"/>
  <testcase name="testSolutionClass" classname="CorrectnessTest" time="0.001"/>
  <testcase name="testRandom" classname="CorrectnessTest" time="0.69"/>
  <testcase name="testSimple" classname="CorrectnessTest" time="0.001"/>
  <system-out><![CDATA[]]></system-out>
  <system-err><![CDATA[]]></system-err>
</testsuite>
